TN:
SF:src/Cluster.ts
FN:109,(anonymous_0)
FN:117,(anonymous_1)
FN:126,(anonymous_2)
FN:130,(anonymous_3)
FN:182,(anonymous_4)
FN:185,(anonymous_5)
FN:225,(anonymous_6)
FN:233,(anonymous_7)
FN:242,(anonymous_8)
FN:249,(anonymous_9)
FN:253,(anonymous_10)
FN:356,(anonymous_11)
FN:370,(anonymous_12)
FN:382,(anonymous_13)
FN:386,(anonymous_14)
FN:412,(anonymous_15)
FN:424,(anonymous_16)
FN:428,(anonymous_17)
FN:434,(anonymous_18)
FN:435,(anonymous_19)
FN:438,(anonymous_20)
FN:439,(anonymous_21)
FN:442,(anonymous_22)
FN:449,(anonymous_23)
FN:472,(anonymous_24)
FN:510,(anonymous_25)
FNF:26
FNH:26
FNDA:66,(anonymous_0)
FNDA:66,(anonymous_1)
FNDA:6,(anonymous_2)
FNDA:66,(anonymous_3)
FNDA:606,(anonymous_4)
FNDA:69,(anonymous_5)
FNDA:52,(anonymous_6)
FNDA:970,(anonymous_7)
FNDA:886,(anonymous_8)
FNDA:886,(anonymous_9)
FNDA:55,(anonymous_10)
FNDA:27,(anonymous_11)
FNDA:396,(anonymous_12)
FNDA:127,(anonymous_13)
FNDA:127,(anonymous_14)
FNDA:103,(anonymous_15)
FNDA:24,(anonymous_16)
FNDA:24,(anonymous_17)
FNDA:55,(anonymous_18)
FNDA:55,(anonymous_19)
FNDA:27,(anonymous_20)
FNDA:27,(anonymous_21)
FNDA:61,(anonymous_22)
FNDA:69,(anonymous_23)
FNDA:7,(anonymous_24)
FNDA:7,(anonymous_25)
DA:1,2
DA:2,2
DA:3,2
DA:4,2
DA:6,2
DA:9,2
DA:10,2
DA:11,2
DA:18,2
DA:42,2
DA:70,2
DA:71,2
DA:72,2
DA:74,2
DA:75,2
DA:76,2
DA:77,2
DA:80,66
DA:81,66
DA:82,66
DA:83,66
DA:84,66
DA:86,66
DA:87,66
DA:88,66
DA:90,66
DA:91,66
DA:92,66
DA:93,66
DA:95,66
DA:96,66
DA:97,66
DA:99,66
DA:100,66
DA:102,66
DA:103,66
DA:105,66
DA:107,66
DA:110,66
DA:111,66
DA:112,66
DA:114,61
DA:118,66
DA:120,66
DA:125,66
DA:126,6
DA:131,66
DA:132,66
DA:133,66
DA:135,66
DA:137,66
DA:143,66
DA:144,20
DA:145,46
DA:146,21
DA:147,25
DA:148,21
DA:149,4
DA:151,3
DA:153,1
DA:157,65
DA:158,3
DA:160,62
DA:161,1
DA:163,61
DA:164,1
DA:167,61
DA:170,61
DA:176,61
DA:177,1
DA:182,606
DA:187,69
DA:188,69
DA:189,69
DA:192,69
DA:193,1
DA:196,69
DA:199,69
DA:200,69
DA:206,69
DA:212,69
DA:226,52
DA:229,66
DA:230,66
DA:235,970
DA:236,892
DA:239,892
DA:240,892
DA:242,892
DA:243,886
DA:244,886
DA:250,886
DA:252,294
DA:253,55
DA:255,294
DA:258,592
DA:260,268
DA:261,69
DA:262,69
DA:264,268
DA:267,324
DA:269,324
DA:271,176
DA:274,148
DA:275,148
DA:278,148
DA:280,6
DA:281,6
DA:282,6
DA:286,142
DA:287,24
DA:288,24
DA:289,6
DA:292,6
DA:293,6
DA:298,136
DA:299,9
DA:301,136
DA:302,18
DA:305,136
DA:306,136
DA:308,136
DA:310,20
DA:314,136
DA:315,36
DA:316,100
DA:317,100
DA:325,136
DA:331,136
DA:332,30
DA:333,3
DA:334,3
DA:337,27
DA:338,27
DA:339,27
DA:340,27
DA:342,15
DA:343,3
DA:345,15
DA:349,12
DA:352,106
DA:353,21
DA:356,136
DA:357,136
DA:360,136
DA:361,136
DA:363,136
DA:365,136
DA:368,66
DA:371,396
DA:372,396
DA:383,127
DA:393,127
DA:394,21
DA:396,106
DA:397,106
DA:399,127
DA:401,127
DA:402,127
DA:403,127
DA:404,127
DA:416,103
DA:428,24
DA:429,24
DA:430,24
DA:435,55
DA:439,27
DA:443,61
DA:445,61
DA:446,61
DA:449,69
DA:451,61
DA:452,61
DA:458,61
DA:459,1
DA:460,1
DA:463,61
DA:464,1
DA:467,61
DA:469,61
DA:473,7
DA:474,1
DA:476,7
DA:478,7
DA:479,7
DA:481,7
DA:482,7
DA:483,7
DA:485,7
DA:487,7
DA:489,7
DA:490,7
DA:491,5
DA:493,7
DA:495,7
DA:496,7
DA:498,7
DA:500,7
DA:501,7
DA:502,7
DA:506,7
DA:507,7
DA:508,7
DA:510,7
DA:511,7
DA:513,7
DA:514,7
DA:515,5
DA:517,2
DA:518,2
DA:519,2
DA:526,7
DA:528,7
DA:533,7
LF:214
LH:214
BRDA:125,0,0,1
BRDA:135,1,0,66
BRDA:135,1,1,0
BRDA:143,2,0,20
BRDA:143,2,1,46
BRDA:145,3,0,21
BRDA:145,3,1,25
BRDA:147,4,0,21
BRDA:147,4,1,4
BRDA:149,5,0,3
BRDA:149,5,1,1
BRDA:157,6,0,3
BRDA:160,7,0,1
BRDA:160,8,0,62
BRDA:160,8,1,2
BRDA:163,9,0,1
BRDA:176,10,0,1
BRDA:192,11,0,1
BRDA:192,12,0,69
BRDA:192,12,1,1
BRDA:235,13,0,892
BRDA:250,14,0,294
BRDA:252,15,0,55
BRDA:258,16,0,268
BRDA:260,17,0,69
BRDA:269,18,0,176
BRDA:278,19,0,6
BRDA:278,20,0,148
BRDA:278,20,1,15
BRDA:278,20,2,15
BRDA:286,21,0,24
BRDA:286,22,0,142
BRDA:286,22,1,24
BRDA:288,23,0,6
BRDA:288,24,0,24
BRDA:288,24,1,12
BRDA:298,25,0,9
BRDA:298,26,0,136
BRDA:298,26,1,9
BRDA:301,27,0,18
BRDA:301,28,0,136
BRDA:301,28,1,18
BRDA:308,29,0,20
BRDA:308,30,0,136
BRDA:308,30,1,128
BRDA:314,31,0,36
BRDA:314,31,1,100
BRDA:316,32,0,100
BRDA:316,32,1,0
BRDA:331,33,0,30
BRDA:331,33,1,106
BRDA:332,34,0,3
BRDA:332,34,1,27
BRDA:340,35,0,15
BRDA:340,35,1,12
BRDA:342,36,0,3
BRDA:352,37,0,21
BRDA:352,38,0,106
BRDA:352,38,1,106
BRDA:374,39,0,396
BRDA:374,39,1,396
BRDA:374,39,2,81
BRDA:374,39,3,0
BRDA:393,40,0,21
BRDA:393,40,1,106
BRDA:458,41,0,1
BRDA:463,42,0,1
BRDA:473,43,0,1
BRDA:482,44,0,0
BRDA:482,44,1,7
BRDA:485,45,0,2
BRDA:485,45,1,5
BRDA:490,46,0,5
BRDA:498,47,0,2
BRDA:498,47,1,5
BRDA:514,48,0,5
BRDA:514,48,1,2
BRDA:518,49,0,2
BRDA:518,49,1,0
BRDA:519,50,0,2
BRDA:519,50,1,0
BRF:81
BRH:75
end_of_record
TN:
SF:src/Display.ts
FN:7,(anonymous_0)
FN:21,(anonymous_1)
FN:28,(anonymous_2)
FNF:3
FNH:3
FNDA:55,(anonymous_0)
FNDA:9,(anonymous_1)
FNDA:2,(anonymous_2)
DA:1,3
DA:3,3
DA:4,4
DA:5,4
DA:10,55
DA:11,10
DA:12,10
DA:16,55
DA:17,55
DA:18,55
DA:23,9
DA:24,9
DA:25,9
DA:30,2
LF:14
LH:14
BRDA:10,0,0,10
BRF:1
BRH:1
end_of_record
TN:
SF:src/Job.ts
FN:20,(anonymous_0)
FN:30,(anonymous_1)
FN:43,(anonymous_2)
FN:58,(anonymous_3)
FNF:4
FNH:4
FNDA:134,(anonymous_0)
FNDA:315,(anonymous_1)
FNDA:153,(anonymous_2)
FNDA:29,(anonymous_3)
DA:1,3
DA:12,3
DA:17,134
DA:18,134
DA:25,134
DA:26,134
DA:27,134
DA:31,315
DA:32,49
DA:34,266
DA:35,208
DA:37,58
DA:38,50
DA:40,8
DA:44,153
DA:45,153
DA:46,125
DA:47,125
DA:48,82
DA:52,43
DA:55,28
DA:59,29
DA:60,29
LF:23
LH:23
BRDA:31,0,0,49
BRDA:34,1,0,208
BRDA:37,2,0,50
BRDA:45,3,0,125
BRDA:48,4,0,82
BRDA:48,4,1,1
BRF:6
BRH:6
end_of_record
TN:
SF:src/Queue.ts
FN:11,(anonymous_0)
FN:15,(anonymous_1)
FN:18,(anonymous_2)
FN:29,(anonymous_3)
FNF:4
FNH:4
FNDA:893,(anonymous_0)
FNDA:148,(anonymous_1)
FNDA:9,(anonymous_2)
FNDA:324,(anonymous_3)
DA:7,2
DA:8,66
DA:9,66
DA:12,893
DA:16,148
DA:17,9
DA:18,9
DA:19,9
DA:20,9
DA:23,139
DA:30,324
LF:11
LH:11
BRDA:15,0,0,127
BRDA:16,1,0,9
BRDA:16,1,1,139
BRDA:16,2,0,148
BRDA:16,2,1,148
BRDA:16,2,2,9
BRF:6
BRH:6
end_of_record
TN:
SF:src/SystemMonitor.ts
FN:28,(anonymous_0)
FN:30,(anonymous_1)
FN:30,(anonymous_2)
FN:33,(anonymous_3)
FN:36,(anonymous_4)
FN:40,(anonymous_5)
FN:83,(anonymous_6)
FN:87,(anonymous_7)
FNF:8
FNH:8
FNDA:36,(anonymous_0)
FNDA:36,(anonymous_1)
FNDA:36,(anonymous_2)
FNDA:153,(anonymous_3)
FNDA:62,(anonymous_4)
FNDA:225,(anonymous_5)
FNDA:7,(anonymous_6)
FNDA:7,(anonymous_7)
DA:1,3
DA:8,3
DA:12,3
DA:15,3
DA:17,3
DA:19,3
DA:20,67
DA:21,67
DA:23,67
DA:25,67
DA:29,36
DA:30,36
DA:31,36
DA:33,153
DA:37,62
DA:42,225
DA:43,225
DA:44,225
DA:53,225
DA:54,2250
DA:56,2250
DA:57,11250
DA:59,2250
DA:62,225
DA:67,225
DA:68,223
DA:69,223
DA:70,223
DA:72,223
DA:73,223
DA:76,225
DA:77,225
DA:79,184
DA:84,7
DA:88,7
LF:35
LH:35
BRDA:67,0,0,223
BRDA:77,1,0,184
BRF:2
BRH:2
end_of_record
TN:
SF:src/Worker.ts
FN:39,(anonymous_0)
FN:48,(anonymous_1)
FN:79,(anonymous_2)
FN:129,(anonymous_3)
FNF:4
FNH:3
FNDA:69,(anonymous_0)
FNDA:136,(anonymous_1)
FNDA:0,(anonymous_2)
FNDA:69,(anonymous_3)
DA:4,2
DA:5,2
DA:8,2
DA:17,2
DA:31,2
DA:37,69
DA:40,69
DA:41,69
DA:42,69
DA:43,69
DA:45,69
DA:53,136
DA:55,136
DA:56,136
DA:58,136
DA:60,136
DA:61,137
DA:62,137
DA:63,136
DA:65,1
DA:66,1
DA:67,1
DA:68,1
DA:69,0
DA:75,136
DA:77,136
DA:79,136
DA:80,0
DA:81,0
DA:84,136
DA:87,136
DA:88,136
DA:102,30
DA:103,30
DA:106,136
DA:108,136
DA:109,136
DA:111,2
DA:112,2
DA:115,136
DA:117,136
DA:118,30
DA:123,106
DA:130,69
DA:131,69
DA:136,69
LF:46
LH:43
BRDA:68,0,0,0
BRDA:117,1,0,30
BRDA:120,2,0,30
BRDA:120,2,1,0
BRF:4
BRH:2
end_of_record
TN:
SF:src/index.ts
FN:1,(anonymous_0)
FNF:1
FNH:1
FNDA:76,(anonymous_0)
DA:1,78
LF:1
LH:1
BRF:0
BRH:0
end_of_record
TN:
SF:src/util.ts
FN:8,(anonymous_0)
FN:22,(anonymous_1)
FN:31,(anonymous_2)
FN:44,(anonymous_3)
FN:59,(anonymous_4)
FN:63,(anonymous_5)
FN:64,(anonymous_6)
FN:69,(anonymous_7)
FN:83,(anonymous_8)
FN:88,(anonymous_9)
FNF:10
FNH:10
FNDA:21,(anonymous_0)
FNDA:108,(anonymous_1)
FNDA:18,(anonymous_2)
FNDA:24,(anonymous_3)
FNDA:410,(anonymous_4)
FNDA:410,(anonymous_5)
FNDA:410,(anonymous_6)
FNDA:410,(anonymous_7)
FNDA:8,(anonymous_8)
FNDA:30,(anonymous_9)
DA:1,3
DA:8,21
DA:10,3
DA:20,3
DA:22,3
DA:23,108
DA:24,108
DA:25,72
DA:27,36
DA:28,36
DA:31,3
DA:32,18
DA:34,18
DA:36,18
DA:41,18
DA:44,3
DA:45,24
DA:46,3
DA:49,21
DA:50,21
DA:51,21
DA:52,28
DA:53,28
DA:56,21
DA:59,3
DA:60,410
DA:62,410
DA:64,410
DA:65,410
DA:67,4
DA:70,410
DA:71,410
DA:74,33
DA:75,33
DA:79,373
DA:80,373
DA:83,8
DA:85,3
DA:86,3
DA:88,3
DA:89,30
LF:41
LH:41
BRDA:24,0,0,72
BRDA:32,1,0,15
BRDA:32,1,1,3
BRDA:45,2,0,3
BRDA:51,3,0,49
BRDA:51,3,1,48
BRF:6
BRH:6
end_of_record
TN:
SF:src/concurrency/ConcurrencyImplementation.ts
FN:59,(anonymous_0)
FNF:1
FNH:1
FNDA:65,(anonymous_0)
DA:49,2
DA:60,65
DA:61,65
DA:62,65
LF:4
LH:4
BRF:0
BRH:0
end_of_record
TN:
SF:src/concurrency/SingleBrowserImplementation.ts
FN:18,(anonymous_0)
FN:26,(anonymous_1)
FN:29,(anonymous_2)
FN:52,(anonymous_3)
FN:57,(anonymous_4)
FN:61,(anonymous_5)
FN:69,(anonymous_6)
FN:73,(anonymous_7)
FN:80,(anonymous_8)
FN:89,(anonymous_9)
FN:101,(anonymous_10)
FN:103,(anonymous_11)
FNF:12
FNH:10
FNDA:41,(anonymous_0)
FNDA:2,(anonymous_1)
FNDA:0,(anonymous_2)
FNDA:0,(anonymous_3)
FNDA:39,(anonymous_4)
FNDA:39,(anonymous_5)
FNDA:43,(anonymous_6)
FNDA:88,(anonymous_7)
FNDA:88,(anonymous_8)
FNDA:87,(anonymous_9)
FNDA:43,(anonymous_10)
FNDA:2,(anonymous_11)
DA:2,2
DA:4,2
DA:6,2
DA:8,2
DA:10,2
DA:11,41
DA:13,41
DA:14,41
DA:15,41
DA:16,41
DA:23,41
DA:27,2
DA:29,0
DA:30,0
DA:33,2
DA:34,2
DA:36,2
DA:38,2
DA:44,2
DA:45,2
DA:50,2
DA:51,2
DA:52,2
DA:53,2
DA:54,2
DA:58,39
DA:62,39
DA:72,43
DA:74,88
DA:75,0
DA:78,88
DA:81,88
DA:84,87
DA:86,87
DA:90,87
DA:91,87
DA:104,2
DA:105,2
DA:106,2
LF:39
LH:36
BRDA:27,0,0,0
BRDA:27,1,0,2
BRDA:27,1,1,2
BRDA:74,2,0,0
BRF:4
BRH:2
end_of_record
TN:
SF:src/concurrency/builtInConcurrency.ts
FN:1,(anonymous_0)
FN:2,(anonymous_1)
FN:3,(anonymous_2)
FNF:3
FNH:3
FNDA:21,(anonymous_0)
FNDA:21,(anonymous_1)
FNDA:20,(anonymous_2)
DA:1,23
DA:2,23
DA:3,22
LF:3
LH:3
BRF:0
BRH:0
end_of_record
TN:
SF:src/concurrency/built-in/Browser.ts
FN:11,(anonymous_0)
FN:13,(anonymous_1)
FN:15,(anonymous_2)
FN:23,(anonymous_3)
FN:26,(anonymous_4)
FN:37,(anonymous_5)
FN:43,(anonymous_6)
FN:47,(anonymous_7)
FNF:8
FNH:8
FNDA:20,(anonymous_0)
FNDA:20,(anonymous_1)
FNDA:24,(anonymous_2)
FNDA:45,(anonymous_3)
FNDA:45,(anonymous_4)
FNDA:45,(anonymous_5)
FNDA:24,(anonymous_6)
FNDA:1,(anonymous_7)
DA:3,2
DA:4,2
DA:6,2
DA:8,2
DA:10,2
DA:16,24
DA:17,24
DA:18,24
DA:22,24
DA:24,45
DA:27,45
DA:28,45
DA:32,45
DA:38,45
DA:44,24
DA:48,1
DA:49,1
DA:51,1
DA:55,1
LF:19
LH:19
BRDA:16,0,0,24
BRDA:16,0,1,24
BRDA:17,1,0,1
BRDA:17,1,1,23
BRF:4
BRH:4
end_of_record
TN:
SF:src/concurrency/built-in/Context.ts
FN:7,(anonymous_0)
FN:17,(anonymous_1)
FNF:2
FNH:2
FNDA:44,(anonymous_0)
FNDA:44,(anonymous_1)
DA:4,2
DA:6,2
DA:8,44
DA:9,44
DA:10,44
DA:11,44
DA:18,44
LF:7
LH:7
BRDA:8,0,0,1
BRDA:8,0,1,43
BRF:2
BRH:2
end_of_record
TN:
SF:src/concurrency/built-in/Page.ts
FN:7,(anonymous_0)
FN:14,(anonymous_1)
FN:25,(anonymous_2)
FN:29,(anonymous_3)
FNF:4
FNH:4
FNDA:1,(anonymous_0)
FNDA:44,(anonymous_1)
FNDA:1,(anonymous_2)
FNDA:43,(anonymous_3)
DA:4,2
DA:6,2
DA:8,1
DA:9,1
DA:12,20
DA:15,44
DA:16,44
DA:17,44
DA:18,20
DA:20,44
DA:26,1
DA:30,43
LF:12
LH:12
BRDA:16,0,0,1
BRDA:16,0,1,43
BRDA:17,1,0,20
BRF:3
BRH:3
end_of_record
