TN:
SF:src/Cluster.ts
FN:107,(anonymous_0)
FN:115,(anonymous_1)
FN:124,(anonymous_2)
FN:128,(anonymous_3)
FN:177,(anonymous_4)
FN:180,(anonymous_5)
FN:217,(anonymous_6)
FN:225,(anonymous_7)
FN:234,(anonymous_8)
FN:241,(anonymous_9)
FN:245,(anonymous_10)
FN:345,(anonymous_11)
FN:359,(anonymous_12)
FN:371,(anonymous_13)
FN:375,(anonymous_14)
FN:401,(anonymous_15)
FN:413,(anonymous_16)
FN:417,(anonymous_17)
FN:423,(anonymous_18)
FN:424,(anonymous_19)
FN:427,(anonymous_20)
FN:428,(anonymous_21)
FN:431,(anonymous_22)
FN:438,(anonymous_23)
FN:460,(anonymous_24)
FN:498,(anonymous_25)
FNF:26
FNH:26
FNDA:56,(anonymous_0)
FNDA:56,(anonymous_1)
FNDA:6,(anonymous_2)
FNDA:56,(anonymous_3)
FNDA:560,(anonymous_4)
FNDA:63,(anonymous_5)
FNDA:49,(anonymous_6)
FNDA:900,(anonymous_7)
FNDA:824,(anonymous_8)
FNDA:824,(anonymous_9)
FNDA:49,(anonymous_10)
FNDA:27,(anonymous_11)
FNDA:352,(anonymous_12)
FNDA:118,(anonymous_13)
FNDA:118,(anonymous_14)
FNDA:94,(anonymous_15)
FNDA:24,(anonymous_16)
FNDA:24,(anonymous_17)
FNDA:49,(anonymous_18)
FNDA:49,(anonymous_19)
FNDA:27,(anonymous_20)
FNDA:27,(anonymous_21)
FNDA:55,(anonymous_22)
FNDA:63,(anonymous_23)
FNDA:7,(anonymous_24)
FNDA:7,(anonymous_25)
DA:1,2
DA:2,2
DA:3,2
DA:4,2
DA:6,2
DA:9,2
DA:10,2
DA:11,2
DA:18,2
DA:41,2
DA:68,2
DA:69,2
DA:70,2
DA:72,2
DA:73,2
DA:74,2
DA:75,2
DA:78,56
DA:79,56
DA:80,56
DA:81,56
DA:82,56
DA:84,56
DA:85,56
DA:86,56
DA:88,56
DA:89,56
DA:90,56
DA:91,56
DA:93,56
DA:94,56
DA:95,56
DA:97,56
DA:98,56
DA:100,56
DA:101,56
DA:103,56
DA:105,56
DA:108,56
DA:109,56
DA:110,56
DA:112,55
DA:116,56
DA:118,56
DA:123,56
DA:124,6
DA:129,56
DA:130,56
DA:132,56
DA:134,56
DA:136,0
DA:139,56
DA:140,17
DA:141,39
DA:142,18
DA:143,21
DA:144,18
DA:145,3
DA:147,3
DA:149,0
DA:153,56
DA:154,0
DA:156,56
DA:157,1
DA:159,55
DA:160,1
DA:163,55
DA:166,55
DA:168,0
DA:171,55
DA:172,1
DA:177,560
DA:182,63
DA:183,63
DA:184,63
DA:187,63
DA:188,1
DA:191,63
DA:194,63
DA:195,63
DA:197,0
DA:200,63
DA:206,63
DA:208,63
DA:210,0
DA:212,63
DA:213,63
DA:218,49
DA:221,56
DA:222,56
DA:227,900
DA:228,830
DA:231,830
DA:232,830
DA:234,830
DA:235,824
DA:236,824
DA:242,824
DA:244,276
DA:245,49
DA:247,276
DA:250,548
DA:252,233
DA:253,63
DA:254,63
DA:256,233
DA:259,315
DA:261,315
DA:263,176
DA:266,139
DA:267,139
DA:270,139
DA:272,6
DA:273,6
DA:274,6
DA:278,133
DA:279,24
DA:280,24
DA:281,6
DA:284,6
DA:285,6
DA:290,127
DA:291,6
DA:293,127
DA:294,18
DA:297,127
DA:298,127
DA:300,127
DA:302,20
DA:306,127
DA:307,30
DA:308,97
DA:309,97
DA:311,0
DA:314,127
DA:320,127
DA:321,30
DA:322,3
DA:323,3
DA:326,27
DA:327,27
DA:328,27
DA:329,27
DA:331,15
DA:332,3
DA:334,15
DA:338,12
DA:341,97
DA:342,21
DA:345,127
DA:346,127
DA:349,127
DA:350,127
DA:352,127
DA:354,127
DA:357,56
DA:360,352
DA:361,352
DA:372,118
DA:382,118
DA:383,15
DA:385,103
DA:386,103
DA:388,118
DA:390,118
DA:391,118
DA:392,118
DA:393,118
DA:405,94
DA:417,24
DA:418,24
DA:419,24
DA:424,49
DA:428,27
DA:432,55
DA:434,55
DA:435,55
DA:438,63
DA:440,55
DA:441,55
DA:443,0
DA:446,55
DA:447,1
DA:448,1
DA:451,55
DA:452,1
DA:455,55
DA:457,55
DA:461,7
DA:462,1
DA:464,7
DA:466,7
DA:467,7
DA:469,7
DA:470,7
DA:471,7
DA:473,7
DA:475,7
DA:477,7
DA:478,7
DA:479,5
DA:481,7
DA:483,7
DA:484,7
DA:486,7
DA:488,7
DA:489,7
DA:490,7
DA:494,7
DA:495,7
DA:496,7
DA:498,7
DA:499,7
DA:501,7
DA:502,7
DA:503,5
DA:505,2
DA:506,2
DA:507,2
DA:509,0
DA:513,7
DA:515,7
DA:516,0
DA:519,7
LF:224
LH:214
BRDA:123,0,0,1
BRDA:132,1,0,56
BRDA:132,1,1,0
BRDA:139,2,0,17
BRDA:139,2,1,39
BRDA:141,3,0,18
BRDA:141,3,1,21
BRDA:143,4,0,18
BRDA:143,4,1,3
BRDA:145,5,0,3
BRDA:145,5,1,0
BRDA:153,6,0,0
BRDA:156,7,0,1
BRDA:156,8,0,56
BRDA:156,8,1,2
BRDA:159,9,0,1
BRDA:171,10,0,1
BRDA:187,11,0,1
BRDA:187,12,0,63
BRDA:187,12,1,1
BRDA:208,13,0,0
BRDA:208,13,1,63
BRDA:227,14,0,830
BRDA:242,15,0,276
BRDA:244,16,0,49
BRDA:250,17,0,233
BRDA:252,18,0,63
BRDA:261,19,0,176
BRDA:270,20,0,6
BRDA:270,21,0,139
BRDA:270,21,1,12
BRDA:270,21,2,12
BRDA:278,22,0,24
BRDA:278,23,0,133
BRDA:278,23,1,24
BRDA:280,24,0,6
BRDA:280,25,0,24
BRDA:280,25,1,12
BRDA:290,26,0,6
BRDA:290,27,0,127
BRDA:290,27,1,6
BRDA:293,28,0,18
BRDA:293,29,0,127
BRDA:293,29,1,18
BRDA:300,30,0,20
BRDA:300,31,0,127
BRDA:300,31,1,119
BRDA:306,32,0,30
BRDA:306,32,1,97
BRDA:308,33,0,97
BRDA:308,33,1,0
BRDA:320,34,0,30
BRDA:320,34,1,97
BRDA:321,35,0,3
BRDA:321,35,1,27
BRDA:329,36,0,15
BRDA:329,36,1,12
BRDA:331,37,0,3
BRDA:341,38,0,21
BRDA:341,39,0,97
BRDA:341,39,1,97
BRDA:363,40,0,352
BRDA:363,40,1,352
BRDA:363,40,2,75
BRDA:363,40,3,0
BRDA:382,41,0,15
BRDA:382,41,1,103
BRDA:446,42,0,1
BRDA:451,43,0,1
BRDA:461,44,0,1
BRDA:470,45,0,0
BRDA:470,45,1,7
BRDA:473,46,0,2
BRDA:473,46,1,5
BRDA:478,47,0,5
BRDA:486,48,0,2
BRDA:486,48,1,5
BRDA:502,49,0,5
BRDA:502,49,1,2
BRDA:506,50,0,2
BRDA:506,50,1,0
BRDA:507,51,0,2
BRDA:507,51,1,0
BRF:83
BRH:74
end_of_record
TN:
SF:src/Display.ts
FN:7,(anonymous_0)
FN:21,(anonymous_1)
FN:28,(anonymous_2)
FNF:3
FNH:3
FNDA:55,(anonymous_0)
FNDA:9,(anonymous_1)
FNDA:2,(anonymous_2)
DA:1,3
DA:3,3
DA:4,4
DA:5,4
DA:10,55
DA:11,10
DA:12,10
DA:16,55
DA:17,55
DA:18,55
DA:23,9
DA:24,9
DA:25,9
DA:30,2
LF:14
LH:14
BRDA:10,0,0,10
BRF:1
BRH:1
end_of_record
TN:
SF:src/Job.ts
FN:20,(anonymous_0)
FN:30,(anonymous_1)
FN:43,(anonymous_2)
FN:58,(anonymous_3)
FNF:4
FNH:4
FNDA:125,(anonymous_0)
FNDA:297,(anonymous_1)
FNDA:144,(anonymous_2)
FNDA:29,(anonymous_3)
DA:1,3
DA:12,3
DA:17,125
DA:18,125
DA:25,125
DA:26,125
DA:27,125
DA:31,297
DA:32,37
DA:34,260
DA:35,202
DA:37,58
DA:38,50
DA:40,8
DA:44,144
DA:45,144
DA:46,122
DA:47,122
DA:48,82
DA:52,40
DA:55,22
DA:59,29
DA:60,29
LF:23
LH:23
BRDA:31,0,0,37
BRDA:34,1,0,202
BRDA:37,2,0,50
BRDA:45,3,0,122
BRDA:48,4,0,82
BRDA:48,4,1,1
BRF:6
BRH:6
end_of_record
TN:
SF:src/Queue.ts
FN:11,(anonymous_0)
FN:15,(anonymous_1)
FN:18,(anonymous_2)
FN:29,(anonymous_3)
FNF:4
FNH:4
FNDA:831,(anonymous_0)
FNDA:139,(anonymous_1)
FNDA:9,(anonymous_2)
FNDA:315,(anonymous_3)
DA:7,2
DA:8,56
DA:9,56
DA:12,831
DA:16,139
DA:17,9
DA:18,9
DA:19,9
DA:20,9
DA:23,130
DA:30,315
LF:11
LH:11
BRDA:15,0,0,118
BRDA:16,1,0,9
BRDA:16,1,1,130
BRDA:16,2,0,139
BRDA:16,2,1,139
BRDA:16,2,2,9
BRF:6
BRH:6
end_of_record
TN:
SF:src/SystemMonitor.ts
FN:26,(anonymous_0)
FN:28,(anonymous_1)
FN:29,(anonymous_2)
FN:31,(anonymous_3)
FN:37,(anonymous_4)
FN:41,(anonymous_5)
FN:83,(anonymous_6)
FN:87,(anonymous_7)
FNF:8
FNH:8
FNDA:1,(anonymous_0)
FNDA:1,(anonymous_1)
FNDA:1,(anonymous_2)
FNDA:14,(anonymous_3)
FNDA:55,(anonymous_4)
FNDA:16,(anonymous_5)
FNDA:7,(anonymous_6)
FNDA:7,(anonymous_7)
DA:1,2
DA:8,2
DA:9,2
DA:13,2
DA:15,2
DA:17,2
DA:18,56
DA:19,56
DA:21,56
DA:23,56
DA:27,1
DA:28,1
DA:29,1
DA:30,1
DA:31,14
DA:32,1
DA:38,55
DA:43,16
DA:44,16
DA:45,16
DA:47,16
DA:50,0
DA:53,16
DA:54,160
DA:56,160
DA:57,800
DA:59,160
DA:62,16
DA:67,16
DA:68,15
DA:69,15
DA:70,15
DA:72,15
DA:73,15
DA:76,16
DA:77,16
DA:79,0
DA:84,7
DA:88,7
LF:39
LH:37
BRDA:47,0,0,0
BRDA:67,1,0,15
BRDA:77,2,0,0
BRF:3
BRH:1
end_of_record
TN:
SF:src/Worker.ts
FN:39,(anonymous_0)
FN:48,(anonymous_1)
FN:79,(anonymous_2)
FN:129,(anonymous_3)
FNF:4
FNH:3
FNDA:63,(anonymous_0)
FNDA:127,(anonymous_1)
FNDA:0,(anonymous_2)
FNDA:63,(anonymous_3)
DA:4,2
DA:5,2
DA:8,2
DA:17,2
DA:31,2
DA:37,63
DA:40,63
DA:41,63
DA:42,63
DA:43,63
DA:45,63
DA:53,127
DA:55,127
DA:56,127
DA:58,127
DA:60,127
DA:61,127
DA:62,127
DA:63,127
DA:65,0
DA:66,0
DA:67,0
DA:68,0
DA:69,0
DA:75,127
DA:77,127
DA:79,127
DA:80,0
DA:81,0
DA:84,127
DA:87,127
DA:88,127
DA:102,30
DA:103,30
DA:106,127
DA:108,127
DA:109,127
DA:111,0
DA:112,0
DA:115,127
DA:117,127
DA:118,30
DA:123,97
DA:130,63
DA:131,63
DA:133,0
DA:135,63
LF:47
LH:37
BRDA:68,0,0,0
BRDA:117,1,0,30
BRDA:120,2,0,30
BRDA:120,2,1,0
BRF:4
BRH:2
end_of_record
TN:
SF:src/index.ts
FN:1,(anonymous_0)
FNF:1
FNH:1
FNDA:66,(anonymous_0)
DA:1,68
LF:1
LH:1
BRF:0
BRH:0
end_of_record
TN:
SF:src/util.ts
FN:8,(anonymous_0)
FN:22,(anonymous_1)
FN:31,(anonymous_2)
FN:44,(anonymous_3)
FN:59,(anonymous_4)
FN:63,(anonymous_5)
FN:64,(anonymous_6)
FN:69,(anonymous_7)
FN:83,(anonymous_8)
FN:88,(anonymous_9)
FNF:10
FNH:10
FNDA:21,(anonymous_0)
FNDA:108,(anonymous_1)
FNDA:18,(anonymous_2)
FNDA:24,(anonymous_3)
FNDA:382,(anonymous_4)
FNDA:382,(anonymous_5)
FNDA:382,(anonymous_6)
FNDA:382,(anonymous_7)
FNDA:8,(anonymous_8)
FNDA:30,(anonymous_9)
DA:1,3
DA:8,21
DA:10,3
DA:20,3
DA:22,3
DA:23,108
DA:24,108
DA:25,86
DA:27,22
DA:28,22
DA:31,3
DA:32,18
DA:34,18
DA:36,18
DA:41,18
DA:44,3
DA:45,24
DA:46,3
DA:49,21
DA:50,21
DA:51,21
DA:52,28
DA:53,28
DA:56,21
DA:59,3
DA:60,382
DA:62,382
DA:64,382
DA:65,382
DA:67,4
DA:70,382
DA:71,382
DA:74,30
DA:75,30
DA:79,348
DA:80,348
DA:83,8
DA:85,3
DA:86,3
DA:88,3
DA:89,30
LF:41
LH:41
BRDA:24,0,0,86
BRDA:32,1,0,15
BRDA:32,1,1,3
BRDA:45,2,0,3
BRDA:51,3,0,49
BRDA:51,3,1,48
BRF:6
BRH:6
end_of_record
TN:
SF:src/concurrency/ConcurrencyImplementation.ts
FN:57,(anonymous_0)
FNF:1
FNH:1
FNDA:56,(anonymous_0)
DA:49,2
DA:58,56
DA:59,56
LF:3
LH:3
BRF:0
BRH:0
end_of_record
TN:
SF:src/concurrency/SingleBrowserImplementation.ts
FN:18,(anonymous_0)
FN:22,(anonymous_1)
FN:25,(anonymous_2)
FN:46,(anonymous_3)
FN:50,(anonymous_4)
FN:54,(anonymous_5)
FN:62,(anonymous_6)
FN:66,(anonymous_7)
FN:73,(anonymous_8)
FN:82,(anonymous_9)
FN:93,(anonymous_10)
FN:95,(anonymous_11)
FNF:12
FNH:8
FNDA:35,(anonymous_0)
FNDA:0,(anonymous_1)
FNDA:0,(anonymous_2)
FNDA:0,(anonymous_3)
FNDA:35,(anonymous_4)
FNDA:35,(anonymous_5)
FNDA:39,(anonymous_6)
FNDA:81,(anonymous_7)
FNDA:81,(anonymous_8)
FNDA:81,(anonymous_9)
FNDA:39,(anonymous_10)
FNDA:0,(anonymous_11)
DA:2,2
DA:4,2
DA:6,2
DA:8,2
DA:10,2
DA:11,35
DA:13,35
DA:14,35
DA:15,35
DA:16,35
DA:19,35
DA:23,0
DA:25,0
DA:26,0
DA:29,0
DA:30,0
DA:32,0
DA:34,0
DA:36,0
DA:39,0
DA:40,0
DA:42,0
DA:44,0
DA:45,0
DA:46,0
DA:47,0
DA:51,35
DA:55,35
DA:65,39
DA:67,81
DA:68,0
DA:71,81
DA:74,81
DA:77,81
DA:79,81
DA:83,81
DA:84,81
DA:86,81
DA:87,0
DA:96,0
DA:97,0
DA:98,0
LF:42
LH:22
BRDA:23,0,0,0
BRDA:23,1,0,0
BRDA:23,1,1,0
BRDA:67,2,0,0
BRDA:86,3,0,0
BRF:5
BRH:0
end_of_record
TN:
SF:src/concurrency/builtInConcurrency.ts
FN:1,(anonymous_0)
FN:2,(anonymous_1)
FN:3,(anonymous_2)
FNF:3
FNH:3
FNDA:18,(anonymous_0)
FNDA:18,(anonymous_1)
FNDA:17,(anonymous_2)
DA:1,20
DA:2,20
DA:3,19
LF:3
LH:3
BRF:0
BRH:0
end_of_record
TN:
SF:src/concurrency/built-in/Browser.ts
FN:11,(anonymous_0)
FN:13,(anonymous_1)
FN:15,(anonymous_2)
FN:22,(anonymous_3)
FN:25,(anonymous_4)
FN:36,(anonymous_5)
FN:42,(anonymous_6)
FN:46,(anonymous_7)
FNF:8
FNH:7
FNDA:18,(anonymous_0)
FNDA:18,(anonymous_1)
FNDA:22,(anonymous_2)
FNDA:42,(anonymous_3)
FNDA:42,(anonymous_4)
FNDA:42,(anonymous_5)
FNDA:22,(anonymous_6)
FNDA:0,(anonymous_7)
DA:3,2
DA:4,2
DA:6,2
DA:8,2
DA:10,2
DA:16,22
DA:17,22
DA:21,22
DA:23,42
DA:26,42
DA:27,42
DA:31,42
DA:37,42
DA:43,22
DA:47,0
DA:48,0
DA:50,0
DA:54,0
LF:18
LH:14
BRDA:16,0,0,22
BRDA:16,0,1,22
BRF:2
BRH:2
end_of_record
TN:
SF:src/concurrency/built-in/Context.ts
FN:7,(anonymous_0)
FN:16,(anonymous_1)
FNF:2
FNH:2
FNDA:41,(anonymous_0)
FNDA:41,(anonymous_1)
DA:4,2
DA:6,2
DA:8,41
DA:9,41
DA:10,41
DA:17,41
LF:6
LH:6
BRF:0
BRH:0
end_of_record
TN:
SF:src/concurrency/built-in/Page.ts
FN:9,(anonymous_0)
FN:19,(anonymous_1)
FNF:2
FNH:2
FNDA:40,(anonymous_0)
FNDA:40,(anonymous_1)
DA:4,2
DA:6,2
DA:7,17
DA:10,40
DA:11,40
DA:12,17
DA:14,40
DA:20,40
LF:8
LH:8
BRDA:11,0,0,17
BRF:1
BRH:1
end_of_record
